<?xml version="1.0" encoding="UTF-8"?>
<!-- Generated by org.testng.reporters.JUnitXMLReporter -->
<testsuite hostname="Maniek" ignored="0" name="add New UserTests Tests C" tests="4" failures="0" timestamp="2020-10-26T17:38:32 CET" time="51.482" errors="0">
  <testcase name="asNewUserLoginUsingValidLoginAndPassword" time="4.104" classname="tests.NewUserTests">
    <skipped/>
  </testcase> <!-- asNewUserLoginUsingValidLoginAndPassword -->
  <testcase name="asNewUserLoginUsingValidLoginAndPassword" time="9.472" classname="tests.NewUserTests"/>
  <testcase name="asNewUserLoginUsingValidLoginAndPassword" time="3.557" classname="tests.NewUserTests">
    <skipped/>
  </testcase> <!-- asNewUserLoginUsingValidLoginAndPassword -->
  <testcase name="asNewUserLoginUsingValidLoginAndPassword" time="8.826" classname="tests.NewUserTests"/>
</testsuite> <!-- add New UserTests Tests C -->
