<?xml version="1.0" encoding="UTF-8"?>
<!-- Generated by org.testng.reporters.JUnitXMLReporter -->
<testsuite hostname="Maniek" ignored="0" name="Negative Login Tests F" tests="10" failures="0" timestamp="2020-10-26T17:39:20 CET" time="79.632" errors="0">
  <testcase name="asNewUserLoginUsingValidLoginAndPassword" time="4.104" classname="tests.NewUserTests">
    <skipped/>
  </testcase> <!-- asNewUserLoginUsingValidLoginAndPassword -->
  <testcase name="asNewUserLoginUsingValidLoginAndPassword" time="9.472" classname="tests.NewUserTests"/>
  <testcase name="asNewUserLoginUsingValidLoginAndPassword" time="3.557" classname="tests.NewUserTests">
    <skipped/>
  </testcase> <!-- asNewUserLoginUsingValidLoginAndPassword -->
  <testcase name="asUserTryToLogInWithCorrectLoginAndEmptyPasswordField" time="2.802" classname="tests.FailedLoginTests"/>
  <testcase name="asUserTryToLogInWithCorrectLoginAndWrongPassword" time="3.39" classname="tests.FailedLoginTests"/>
  <testcase name="asNewUserLoginUsingValidLoginAndPassword" time="8.826" classname="tests.NewUserTests"/>
  <testcase name="asUserTryToLogInWithEmptyEmailFieldAndEmptyPasswordField" time="3.24" classname="tests.FailedLoginTests"/>
  <testcase name="asUserTryToLogInWithEmptyEmailFieldAndPassword" time="3.39" classname="tests.FailedLoginTests"/>
  <testcase name="asUserTryToLogInWithIncorrectLoginAndPassword" time="2.946" classname="tests.FailedLoginTests"/>
  <testcase name="asUserTryToLogInWithInvalidEmailAndPassword" time="2.89" classname="tests.FailedLoginTests"/>
</testsuite> <!-- Negative Login Tests F -->
