<?xml version="1.0" encoding="UTF-8"?>
<!-- Generated by org.testng.reporters.JUnitXMLReporter -->
<testsuite hostname="Maniek" ignored="0" name="Positive Login Tests F" tests="2" failures="0" timestamp="2020-10-26T17:39:53 CET" time="15.098" errors="0">
  <testcase name="asUserTryToLogInWithIncorrectLoginAndPassword" time="3.015" classname="tests.FailedLoginTests"/>
  <testcase name="asUserLoginUsingValidLoginAndPassword" time="5.599" classname="tests.PositiveLoginTests"/>
</testsuite> <!-- Positive Login Tests F -->
