<?xml version="1.0" encoding="UTF-8"?>
<testng-results skipped="0" failed="0" ignored="0" total="8" passed="8">
  <reporter-output>
  </reporter-output>
  <suite name="All Automation Practice Tests" duration-ms="91997" started-at="2020-10-26T17:38:32 CET" finished-at="2020-10-26T17:40:04 CET">
    <groups>
    </groups>
    <test name="Positive Login Tests" duration-ms="18378" started-at="2020-10-26T17:39:20 CET" finished-at="2020-10-26T17:39:38 CET">
      <class name="tests.PositiveLoginTests">
        <test-method status="PASS" signature="beforeClass()[pri:0, instance:tests.PositiveLoginTests@7ee3d262]" name="beforeClass" is-config="true" duration-ms="1" started-at="2020-10-26T17:39:20 CET" finished-at="2020-10-26T17:39:20 CET">
          <reporter-output>
          </reporter-output>
        </test-method> <!-- beforeClass -->
        <test-method status="PASS" signature="beforeTest(driver.BrowserType)[pri:0, instance:tests.PositiveLoginTests@7ee3d262]" name="beforeTest" is-config="true" duration-ms="11271" started-at="2020-10-26T17:39:20 CET" finished-at="2020-10-26T17:39:31 CET">
          <params>
            <param index="0">
              <value>
                <![CDATA[CHROME]]>
              </value>
            </param>
          </params>
          <reporter-output>
          </reporter-output>
        </test-method> <!-- beforeTest -->
        <test-method status="PASS" signature="asUserLoginUsingValidLoginAndPassword()[pri:0, instance:tests.PositiveLoginTests@7ee3d262]" name="asUserLoginUsingValidLoginAndPassword" duration-ms="6480" started-at="2020-10-26T17:39:31 CET" finished-at="2020-10-26T17:39:38 CET">
          <reporter-output>
          </reporter-output>
        </test-method> <!-- asUserLoginUsingValidLoginAndPassword -->
        <test-method status="PASS" signature="afterTest()[pri:0, instance:tests.PositiveLoginTests@7ee3d262]" name="afterTest" is-config="true" duration-ms="623" started-at="2020-10-26T17:39:38 CET" finished-at="2020-10-26T17:39:38 CET">
          <reporter-output>
          </reporter-output>
        </test-method> <!-- afterTest -->
      </class> <!-- tests.PositiveLoginTests -->
    </test> <!-- Positive Login Tests -->
    <test name="Positive Login Tests F" duration-ms="15098" started-at="2020-10-26T17:39:38 CET" finished-at="2020-10-26T17:39:53 CET">
      <class name="tests.PositiveLoginTests">
        <test-method status="PASS" signature="beforeSuite()[pri:0, instance:tests.PositiveLoginTests@7fb33394]" name="beforeSuite" is-config="true" duration-ms="4506" started-at="2020-10-26T17:37:36 CET" finished-at="2020-10-26T17:37:40 CET">
          <reporter-output>
          </reporter-output>
        </test-method> <!-- beforeSuite -->
        <test-method status="PASS" signature="beforeClass()[pri:0, instance:tests.PositiveLoginTests@7fb33394]" name="beforeClass" is-config="true" duration-ms="1" started-at="2020-10-26T17:39:38 CET" finished-at="2020-10-26T17:39:38 CET">
          <reporter-output>
          </reporter-output>
        </test-method> <!-- beforeClass -->
        <test-method status="PASS" signature="beforeTest(driver.BrowserType)[pri:0, instance:tests.PositiveLoginTests@7fb33394]" name="beforeTest" is-config="true" duration-ms="8932" started-at="2020-10-26T17:39:38 CET" finished-at="2020-10-26T17:39:47 CET">
          <params>
            <param index="0">
              <value>
                <![CDATA[FIREFOX]]>
              </value>
            </param>
          </params>
          <reporter-output>
          </reporter-output>
        </test-method> <!-- beforeTest -->
        <test-method status="PASS" signature="asUserLoginUsingValidLoginAndPassword()[pri:0, instance:tests.PositiveLoginTests@7fb33394]" name="asUserLoginUsingValidLoginAndPassword" duration-ms="5599" started-at="2020-10-26T17:39:47 CET" finished-at="2020-10-26T17:39:53 CET">
          <reporter-output>
          </reporter-output>
        </test-method> <!-- asUserLoginUsingValidLoginAndPassword -->
        <test-method status="PASS" signature="afterTest()[pri:0, instance:tests.PositiveLoginTests@7fb33394]" name="afterTest" is-config="true" duration-ms="563" started-at="2020-10-26T17:39:53 CET" finished-at="2020-10-26T17:39:53 CET">
          <reporter-output>
          </reporter-output>
        </test-method> <!-- afterTest -->
      </class> <!-- tests.PositiveLoginTests -->
    </test> <!-- Positive Login Tests F -->
    <test name="Negative Login Tests C" duration-ms="91997" started-at="2020-10-26T17:38:32 CET" finished-at="2020-10-26T17:40:04 CET">
      <class name="tests.FailedLoginTests">
        <test-method status="PASS" signature="beforeClass()[pri:0, instance:tests.FailedLoginTests@3402b4c9]" name="beforeClass" is-config="true" duration-ms="1" started-at="2020-10-26T17:38:32 CET" finished-at="2020-10-26T17:38:32 CET">
          <reporter-output>
          </reporter-output>
        </test-method> <!-- beforeClass -->
        <test-method status="PASS" signature="beforeTest(driver.BrowserType)[pri:0, instance:tests.FailedLoginTests@3402b4c9]" name="beforeTest" is-config="true" duration-ms="11666" started-at="2020-10-26T17:38:32 CET" finished-at="2020-10-26T17:38:44 CET">
          <params>
            <param index="0">
              <value>
                <![CDATA[CHROME]]>
              </value>
            </param>
          </params>
          <reporter-output>
          </reporter-output>
        </test-method> <!-- beforeTest -->
        <test-method status="PASS" signature="asUserTryToLogInWithCorrectLoginAndEmptyPasswordField()[pri:0, instance:tests.FailedLoginTests@3402b4c9]" name="asUserTryToLogInWithCorrectLoginAndEmptyPasswordField" duration-ms="3666" started-at="2020-10-26T17:38:44 CET" finished-at="2020-10-26T17:38:47 CET">
          <reporter-output>
          </reporter-output>
        </test-method> <!-- asUserTryToLogInWithCorrectLoginAndEmptyPasswordField -->
        <test-method status="PASS" signature="afterTest()[pri:0, instance:tests.FailedLoginTests@3402b4c9]" name="afterTest" is-config="true" duration-ms="623" started-at="2020-10-26T17:38:47 CET" finished-at="2020-10-26T17:38:48 CET">
          <reporter-output>
          </reporter-output>
        </test-method> <!-- afterTest -->
        <test-method status="PASS" signature="beforeTest(driver.BrowserType)[pri:0, instance:tests.FailedLoginTests@3402b4c9]" name="beforeTest" is-config="true" duration-ms="11304" started-at="2020-10-26T17:38:48 CET" finished-at="2020-10-26T17:38:59 CET">
          <params>
            <param index="0">
              <value>
                <![CDATA[CHROME]]>
              </value>
            </param>
          </params>
          <reporter-output>
          </reporter-output>
        </test-method> <!-- beforeTest -->
        <test-method status="PASS" signature="asUserTryToLogInWithCorrectLoginAndWrongPassword()[pri:0, instance:tests.FailedLoginTests@3402b4c9]" name="asUserTryToLogInWithCorrectLoginAndWrongPassword" duration-ms="2977" started-at="2020-10-26T17:38:59 CET" finished-at="2020-10-26T17:39:02 CET">
          <reporter-output>
          </reporter-output>
        </test-method> <!-- asUserTryToLogInWithCorrectLoginAndWrongPassword -->
        <test-method status="PASS" signature="afterTest()[pri:0, instance:tests.FailedLoginTests@3402b4c9]" name="afterTest" is-config="true" duration-ms="634" started-at="2020-10-26T17:39:02 CET" finished-at="2020-10-26T17:39:03 CET">
          <reporter-output>
          </reporter-output>
        </test-method> <!-- afterTest -->
        <test-method status="PASS" signature="beforeTest(driver.BrowserType)[pri:0, instance:tests.FailedLoginTests@3402b4c9]" name="beforeTest" is-config="true" duration-ms="11121" started-at="2020-10-26T17:39:03 CET" finished-at="2020-10-26T17:39:14 CET">
          <params>
            <param index="0">
              <value>
                <![CDATA[CHROME]]>
              </value>
            </param>
          </params>
          <reporter-output>
          </reporter-output>
        </test-method> <!-- beforeTest -->
        <test-method status="PASS" signature="asUserTryToLogInWithEmptyEmailFieldAndEmptyPasswordField()[pri:0, instance:tests.FailedLoginTests@3402b4c9]" name="asUserTryToLogInWithEmptyEmailFieldAndEmptyPasswordField" duration-ms="2880" started-at="2020-10-26T17:39:14 CET" finished-at="2020-10-26T17:39:17 CET">
          <reporter-output>
          </reporter-output>
        </test-method> <!-- asUserTryToLogInWithEmptyEmailFieldAndEmptyPasswordField -->
        <test-method status="PASS" signature="afterTest()[pri:0, instance:tests.FailedLoginTests@3402b4c9]" name="afterTest" is-config="true" duration-ms="623" started-at="2020-10-26T17:39:17 CET" finished-at="2020-10-26T17:39:18 CET">
          <reporter-output>
          </reporter-output>
        </test-method> <!-- afterTest -->
        <test-method status="PASS" signature="beforeTest(driver.BrowserType)[pri:0, instance:tests.FailedLoginTests@3402b4c9]" name="beforeTest" is-config="true" duration-ms="11396" started-at="2020-10-26T17:39:18 CET" finished-at="2020-10-26T17:39:29 CET">
          <params>
            <param index="0">
              <value>
                <![CDATA[CHROME]]>
              </value>
            </param>
          </params>
          <reporter-output>
          </reporter-output>
        </test-method> <!-- beforeTest -->
        <test-method status="PASS" signature="asUserTryToLogInWithEmptyEmailFieldAndPassword()[pri:0, instance:tests.FailedLoginTests@3402b4c9]" name="asUserTryToLogInWithEmptyEmailFieldAndPassword" duration-ms="3721" started-at="2020-10-26T17:39:29 CET" finished-at="2020-10-26T17:39:33 CET">
          <reporter-output>
          </reporter-output>
        </test-method> <!-- asUserTryToLogInWithEmptyEmailFieldAndPassword -->
        <test-method status="PASS" signature="afterTest()[pri:0, instance:tests.FailedLoginTests@3402b4c9]" name="afterTest" is-config="true" duration-ms="629" started-at="2020-10-26T17:39:33 CET" finished-at="2020-10-26T17:39:33 CET">
          <reporter-output>
          </reporter-output>
        </test-method> <!-- afterTest -->
        <test-method status="PASS" signature="beforeTest(driver.BrowserType)[pri:0, instance:tests.FailedLoginTests@3402b4c9]" name="beforeTest" is-config="true" duration-ms="11452" started-at="2020-10-26T17:39:33 CET" finished-at="2020-10-26T17:39:45 CET">
          <params>
            <param index="0">
              <value>
                <![CDATA[CHROME]]>
              </value>
            </param>
          </params>
          <reporter-output>
          </reporter-output>
        </test-method> <!-- beforeTest -->
        <test-method status="PASS" signature="asUserTryToLogInWithIncorrectLoginAndPassword()[pri:0, instance:tests.FailedLoginTests@3402b4c9]" name="asUserTryToLogInWithIncorrectLoginAndPassword" duration-ms="3015" started-at="2020-10-26T17:39:45 CET" finished-at="2020-10-26T17:39:48 CET">
          <reporter-output>
          </reporter-output>
        </test-method> <!-- asUserTryToLogInWithIncorrectLoginAndPassword -->
        <test-method status="PASS" signature="afterTest()[pri:0, instance:tests.FailedLoginTests@3402b4c9]" name="afterTest" is-config="true" duration-ms="631" started-at="2020-10-26T17:39:48 CET" finished-at="2020-10-26T17:39:48 CET">
          <reporter-output>
          </reporter-output>
        </test-method> <!-- afterTest -->
        <test-method status="PASS" signature="beforeTest(driver.BrowserType)[pri:0, instance:tests.FailedLoginTests@3402b4c9]" name="beforeTest" is-config="true" duration-ms="11306" started-at="2020-10-26T17:39:48 CET" finished-at="2020-10-26T17:40:00 CET">
          <params>
            <param index="0">
              <value>
                <![CDATA[CHROME]]>
              </value>
            </param>
          </params>
          <reporter-output>
          </reporter-output>
        </test-method> <!-- beforeTest -->
        <test-method status="PASS" signature="asUserTryToLogInWithInvalidEmailAndPassword()[pri:0, instance:tests.FailedLoginTests@3402b4c9]" name="asUserTryToLogInWithInvalidEmailAndPassword" duration-ms="3663" started-at="2020-10-26T17:40:00 CET" finished-at="2020-10-26T17:40:03 CET">
          <reporter-output>
          </reporter-output>
        </test-method> <!-- asUserTryToLogInWithInvalidEmailAndPassword -->
        <test-method status="PASS" signature="afterTest()[pri:0, instance:tests.FailedLoginTests@3402b4c9]" name="afterTest" is-config="true" duration-ms="664" started-at="2020-10-26T17:40:03 CET" finished-at="2020-10-26T17:40:04 CET">
          <reporter-output>
          </reporter-output>
        </test-method> <!-- afterTest -->
      </class> <!-- tests.FailedLoginTests -->
    </test> <!-- Negative Login Tests C -->
  </suite> <!-- All Automation Practice Tests -->
</testng-results>
